{"D:\\2020-2021-II\\webII\\studies\\odev03\\src\\images.js": {"path":"D:\\2020-2021-II\\webII\\studies\\odev03\\src\\images.js","statementMap":{"0":{"start":{"line":1,"column":13},"end":{"line":10,"column":2}},"1":{"start":{"line":12,"column":29},"end":{"line":26,"column":1}},"2":{"start":{"line":13,"column":26},"end":{"line":13,"column":34}},"3":{"start":{"line":15,"column":16},"end":{"line":15,"column":17}},"4":{"start":{"line":16,"column":8},"end":{"line":24,"column":9}},"5":{"start":{"line":18,"column":22},"end":{"line":18,"column":59}},"6":{"start":{"line":19,"column":12},"end":{"line":21,"column":13}},"7":{"start":{"line":20,"column":16},"end":{"line":20,"column":25}},"8":{"start":{"line":22,"column":12},"end":{"line":22,"column":29}},"9":{"start":{"line":23,"column":12},"end":{"line":23,"column":16}},"10":{"start":{"line":25,"column":8},"end":{"line":25,"column":55}},"11":{"start":{"line":25,"column":46},"end":{"line":25,"column":53}}},"fnMap":{"0":{"name":"(anonymous_0)","decl":{"start":{"line":12,"column":29},"end":{"line":12,"column":30}},"loc":{"start":{"line":12,"column":33},"end":{"line":26,"column":1}},"line":12},"1":{"name":"(anonymous_1)","decl":{"start":{"line":25,"column":41},"end":{"line":25,"column":42}},"loc":{"start":{"line":25,"column":46},"end":{"line":25,"column":53}},"line":25}},"branchMap":{"0":{"loc":{"start":{"line":19,"column":12},"end":{"line":21,"column":13}},"type":"if","locations":[{"start":{"line":19,"column":12},"end":{"line":21,"column":13}},{"start":{"line":19,"column":12},"end":{"line":21,"column":13}}],"line":19}},"s":{"0":0,"1":0,"2":0,"3":0,"4":0,"5":0,"6":0,"7":0,"8":0,"9":0,"10":0,"11":0},"f":{"0":0,"1":0},"b":{"0":[0,0]}}
,"D:\\2020-2021-II\\webII\\studies\\odev03\\src\\index.jsx": {"path":"D:\\2020-2021-II\\webII\\studies\\odev03\\src\\index.jsx","statementMap":{"0":{"start":{"line":25,"column":8},"end":{"line":25,"column":21}},"1":{"start":{"line":26,"column":8},"end":{"line":33,"column":9}},"2":{"start":{"line":36,"column":14},"end":{"line":50,"column":5}},"3":{"start":{"line":37,"column":8},"end":{"line":39,"column":10}},"4":{"start":{"line":40,"column":8},"end":{"line":40,"column":59}},"5":{"start":{"line":41,"column":8},"end":{"line":41,"column":37}},"6":{"start":{"line":53,"column":8},"end":{"line":65,"column":10}},"7":{"start":{"line":57,"column":87},"end":{"line":57,"column":109}},"8":{"start":{"line":58,"column":87},"end":{"line":58,"column":109}},"9":{"start":{"line":59,"column":87},"end":{"line":59,"column":109}},"10":{"start":{"line":71,"column":0},"end":{"line":71,"column":55}}},"fnMap":{"0":{"name":"(anonymous_0)","decl":{"start":{"line":24,"column":4},"end":{"line":24,"column":5}},"loc":{"start":{"line":24,"column":23},"end":{"line":34,"column":5}},"line":24},"1":{"name":"(anonymous_1)","decl":{"start":{"line":36,"column":14},"end":{"line":36,"column":15}},"loc":{"start":{"line":36,"column":23},"end":{"line":50,"column":5}},"line":36},"2":{"name":"(anonymous_2)","decl":{"start":{"line":52,"column":4},"end":{"line":52,"column":5}},"loc":{"start":{"line":52,"column":12},"end":{"line":67,"column":5}},"line":52},"3":{"name":"(anonymous_3)","decl":{"start":{"line":57,"column":83},"end":{"line":57,"column":84}},"loc":{"start":{"line":57,"column":87},"end":{"line":57,"column":109}},"line":57},"4":{"name":"(anonymous_4)","decl":{"start":{"line":58,"column":83},"end":{"line":58,"column":84}},"loc":{"start":{"line":58,"column":87},"end":{"line":58,"column":109}},"line":58},"5":{"name":"(anonymous_5)","decl":{"start":{"line":59,"column":83},"end":{"line":59,"column":84}},"loc":{"start":{"line":59,"column":87},"end":{"line":59,"column":109}},"line":59}},"branchMap":{},"s":{"0":0,"1":0,"2":0,"3":0,"4":0,"5":0,"6":0,"7":0,"8":0,"9":0,"10":0},"f":{"0":0,"1":0,"2":0,"3":0,"4":0,"5":0},"b":{}}
}
