TN:
SF:src\images.js
FN:12,(anonymous_0)
FN:25,(anonymous_1)
FNF:2
FNH:0
FNDA:0,(anonymous_0)
FNDA:0,(anonymous_1)
DA:1,0
DA:12,0
DA:13,0
DA:15,0
DA:16,0
DA:18,0
DA:19,0
DA:20,0
DA:22,0
DA:23,0
DA:25,0
LF:11
LH:0
BRDA:19,0,0,0
BRDA:19,0,1,0
BRF:2
BRH:0
end_of_record
TN:
SF:src\index.jsx
FN:24,(anonymous_0)
FN:36,(anonymous_1)
FN:52,(anonymous_2)
FN:57,(anonymous_3)
FN:58,(anonymous_4)
FN:59,(anonymous_5)
FNF:6
FNH:0
FNDA:0,(anonymous_0)
FNDA:0,(anonymous_1)
FNDA:0,(anonymous_2)
FNDA:0,(anonymous_3)
FNDA:0,(anonymous_4)
FNDA:0,(anonymous_5)
DA:25,0
DA:26,0
DA:36,0
DA:37,0
DA:40,0
DA:41,0
DA:53,0
DA:57,0
DA:58,0
DA:59,0
DA:71,0
LF:11
LH:0
BRF:0
BRH:0
end_of_record
