<?xml version="1.0" encoding="UTF-8"?>
<coverage generated="1617229040449" clover="3.2.0">
  <project timestamp="1617229040449" name="All files">
    <metrics statements="23" coveredstatements="21" conditionals="12" coveredconditionals="12" methods="8" coveredmethods="7" elements="43" coveredelements="40" complexity="0" loc="23" ncloc="23" packages="1" files="2" classes="2"/>
    <file name="Game.jsx" path="D:\2020-2021-II\webII\studies\odev04\src\Game.jsx">
      <metrics statements="21" coveredstatements="21" conditionals="12" coveredconditionals="12" methods="7" coveredmethods="7"/>
      <line num="5" count="5" type="stmt"/>
      <line num="6" count="5" type="stmt"/>
      <line num="15" count="5" type="stmt"/>
      <line num="17" count="100" type="stmt"/>
      <line num="18" count="100" type="stmt"/>
      <line num="20" count="100" type="cond" truecount="2" falsecount="0"/>
      <line num="21" count="61" type="stmt"/>
      <line num="22" count="61" type="stmt"/>
      <line num="25" count="61" type="cond" truecount="2" falsecount="0"/>
      <line num="26" count="2" type="stmt"/>
      <line num="32" count="39" type="stmt"/>
      <line num="33" count="39" type="cond" truecount="4" falsecount="0"/>
      <line num="34" count="15" type="stmt"/>
      <line num="39" count="100" type="stmt"/>
      <line num="47" count="5" type="stmt"/>
      <line num="48" count="1" type="stmt"/>
      <line num="51" count="105" type="stmt"/>
      <line num="52" count="105" type="stmt"/>
      <line num="56" count="11" type="stmt"/>
      <line num="57" count="69" type="stmt"/>
      <line num="58" count="20" type="stmt"/>
    </file>
    <file name="index.jsx" path="D:\2020-2021-II\webII\studies\odev04\src\index.jsx">
      <metrics statements="2" coveredstatements="0" conditionals="0" coveredconditionals="0" methods="1" coveredmethods="0"/>
      <line num="32" count="0" type="stmt"/>
      <line num="38" count="0" type="stmt"/>
    </file>
  </project>
</coverage>
