{"D:\\2020-2021-II\\webII\\studies\\odev04\\src\\Game.jsx": {"path":"D:\\2020-2021-II\\webII\\studies\\odev04\\src\\Game.jsx","statementMap":{"0":{"start":{"line":5,"column":8},"end":{"line":5,"column":21}},"1":{"start":{"line":6,"column":8},"end":{"line":12,"column":9}},"2":{"start":{"line":15,"column":17},"end":{"line":45,"column":5}},"3":{"start":{"line":17,"column":55},"end":{"line":17,"column":65}},"4":{"start":{"line":18,"column":25},"end":{"line":18,"column":35}},"5":{"start":{"line":20,"column":8},"end":{"line":38,"column":9}},"6":{"start":{"line":21,"column":12},"end":{"line":21,"column":49}},"7":{"start":{"line":22,"column":12},"end":{"line":24,"column":14}},"8":{"start":{"line":25,"column":12},"end":{"line":29,"column":13}},"9":{"start":{"line":26,"column":16},"end":{"line":28,"column":18}},"10":{"start":{"line":32,"column":12},"end":{"line":32,"column":49}},"11":{"start":{"line":33,"column":12},"end":{"line":37,"column":13}},"12":{"start":{"line":34,"column":16},"end":{"line":36,"column":18}},"13":{"start":{"line":39,"column":8},"end":{"line":42,"column":11}},"14":{"start":{"line":47,"column":14},"end":{"line":49,"column":5}},"15":{"start":{"line":48,"column":8},"end":{"line":48,"column":32}},"16":{"start":{"line":51,"column":41},"end":{"line":51,"column":51}},"17":{"start":{"line":52,"column":8},"end":{"line":64,"column":10}},"18":{"start":{"line":56,"column":66},"end":{"line":56,"column":85}},"19":{"start":{"line":57,"column":66},"end":{"line":57,"column":85}},"20":{"start":{"line":58,"column":66},"end":{"line":58,"column":85}}},"fnMap":{"0":{"name":"(anonymous_0)","decl":{"start":{"line":4,"column":4},"end":{"line":4,"column":5}},"loc":{"start":{"line":4,"column":23},"end":{"line":13,"column":5}},"line":4},"1":{"name":"(anonymous_1)","decl":{"start":{"line":15,"column":17},"end":{"line":15,"column":18}},"loc":{"start":{"line":15,"column":28},"end":{"line":45,"column":5}},"line":15},"2":{"name":"(anonymous_2)","decl":{"start":{"line":47,"column":14},"end":{"line":47,"column":15}},"loc":{"start":{"line":47,"column":20},"end":{"line":49,"column":5}},"line":47},"3":{"name":"(anonymous_3)","decl":{"start":{"line":50,"column":4},"end":{"line":50,"column":5}},"loc":{"start":{"line":50,"column":12},"end":{"line":65,"column":5}},"line":50},"4":{"name":"(anonymous_4)","decl":{"start":{"line":56,"column":62},"end":{"line":56,"column":63}},"loc":{"start":{"line":56,"column":66},"end":{"line":56,"column":85}},"line":56},"5":{"name":"(anonymous_5)","decl":{"start":{"line":57,"column":62},"end":{"line":57,"column":63}},"loc":{"start":{"line":57,"column":66},"end":{"line":57,"column":85}},"line":57},"6":{"name":"(anonymous_6)","decl":{"start":{"line":58,"column":62},"end":{"line":58,"column":63}},"loc":{"start":{"line":58,"column":66},"end":{"line":58,"column":85}},"line":58}},"branchMap":{"0":{"loc":{"start":{"line":20,"column":8},"end":{"line":38,"column":9}},"type":"if","locations":[{"start":{"line":20,"column":8},"end":{"line":38,"column":9}},{"start":{"line":20,"column":8},"end":{"line":38,"column":9}}],"line":20},"1":{"loc":{"start":{"line":25,"column":12},"end":{"line":29,"column":13}},"type":"if","locations":[{"start":{"line":25,"column":12},"end":{"line":29,"column":13}},{"start":{"line":25,"column":12},"end":{"line":29,"column":13}}],"line":25},"2":{"loc":{"start":{"line":33,"column":12},"end":{"line":37,"column":13}},"type":"if","locations":[{"start":{"line":33,"column":12},"end":{"line":37,"column":13}},{"start":{"line":33,"column":12},"end":{"line":37,"column":13}}],"line":33},"3":{"loc":{"start":{"line":33,"column":16},"end":{"line":33,"column":41}},"type":"binary-expr","locations":[{"start":{"line":33,"column":16},"end":{"line":33,"column":28}},{"start":{"line":33,"column":32},"end":{"line":33,"column":41}}],"line":33},"4":{"loc":{"start":{"line":60,"column":27},"end":{"line":60,"column":110}},"type":"cond-expr","locations":[{"start":{"line":60,"column":41},"end":{"line":60,"column":54}},{"start":{"line":60,"column":55},"end":{"line":60,"column":110}}],"line":60},"5":{"loc":{"start":{"line":61,"column":21},"end":{"line":61,"column":161}},"type":"binary-expr","locations":[{"start":{"line":61,"column":21},"end":{"line":61,"column":34}},{"start":{"line":61,"column":38},"end":{"line":61,"column":161}}],"line":61}},"s":{"0":5,"1":5,"2":5,"3":100,"4":100,"5":100,"6":61,"7":61,"8":61,"9":2,"10":39,"11":39,"12":15,"13":100,"14":5,"15":1,"16":105,"17":105,"18":11,"19":69,"20":20},"f":{"0":5,"1":100,"2":1,"3":105,"4":11,"5":69,"6":20},"b":{"0":[61,39],"1":[2,59],"2":[15,24],"3":[39,38],"4":[99,6],"5":[105,99]},"_coverageSchema":"1a1c01bbd47fc00a2c39e90264f33305004495a9","hash":"09d2783f1047779f47f139feb2e7a587cfb42b92"}
,"D:\\2020-2021-II\\webII\\studies\\odev04\\src\\index.jsx": {"path":"D:\\2020-2021-II\\webII\\studies\\odev04\\src\\index.jsx","statementMap":{"0":{"start":{"line":32,"column":8},"end":{"line":34,"column":15}},"1":{"start":{"line":38,"column":0},"end":{"line":38,"column":56}}},"fnMap":{"0":{"name":"(anonymous_0)","decl":{"start":{"line":31,"column":4},"end":{"line":31,"column":5}},"loc":{"start":{"line":31,"column":13},"end":{"line":35,"column":5}},"line":31}},"branchMap":{},"s":{"0":0,"1":0},"f":{"0":0},"b":{}}
}
