TN:
SF:src\Game.jsx
FN:4,(anonymous_0)
FN:15,(anonymous_1)
FN:47,(anonymous_2)
FN:50,(anonymous_3)
FN:56,(anonymous_4)
FN:57,(anonymous_5)
FN:58,(anonymous_6)
FNF:7
FNH:7
FNDA:5,(anonymous_0)
FNDA:100,(anonymous_1)
FNDA:1,(anonymous_2)
FNDA:105,(anonymous_3)
FNDA:11,(anonymous_4)
FNDA:69,(anonymous_5)
FNDA:20,(anonymous_6)
DA:5,5
DA:6,5
DA:15,5
DA:17,100
DA:18,100
DA:20,100
DA:21,61
DA:22,61
DA:25,61
DA:26,2
DA:32,39
DA:33,39
DA:34,15
DA:39,100
DA:47,5
DA:48,1
DA:51,105
DA:52,105
DA:56,11
DA:57,69
DA:58,20
LF:21
LH:21
BRDA:20,0,0,61
BRDA:20,0,1,39
BRDA:25,1,0,2
BRDA:25,1,1,59
BRDA:33,2,0,15
BRDA:33,2,1,24
BRDA:33,3,0,39
BRDA:33,3,1,38
BRDA:60,4,0,99
BRDA:60,4,1,6
BRDA:61,5,0,105
BRDA:61,5,1,99
BRF:12
BRH:12
end_of_record
TN:
SF:src\index.jsx
FN:31,(anonymous_0)
FNF:1
FNH:0
FNDA:0,(anonymous_0)
DA:32,0
DA:38,0
LF:2
LH:0
BRF:0
BRH:0
end_of_record
